<?xml version="1.0" encoding="UTF-8"?>
<!-- Generated by org.testng.reporters.JUnitReportReporter -->
<testsuite hostname="DESKTOP-NSF0GC7" failures="0" tests="1" name="com.tutorialninja.qa.testcases.PrintAllProduct" time="31.659" errors="0" timestamp="2023-06-14T15:56:06 IST" skipped="0">
  <testcase classname="com.tutorialninja.qa.testcases.PrintAllProduct" name="getAllDetailsOfExistingproduct" time="31.659"/>
  <system-out/>
</testsuite> <!-- com.tutorialninja.qa.testcases.PrintAllProduct -->
